<?xml version="1.0" encoding="UTF-8"?>
<testng-results skipped="0" failed="0" ignored="0" total="1" passed="1">
  <reporter-output>
  </reporter-output>
  <suite name="GirishContractsADFAutomation" duration-ms="12907" started-at="2019-03-19T09:43:08Z" finished-at="2019-03-19T09:43:21Z">
    <groups>
    </groups>
    <test name="SampleTest" duration-ms="12907" started-at="2019-03-19T09:43:08Z" finished-at="2019-03-19T09:43:21Z">
      <class name="com.GirishContractsADFAutomation.TestCases.TC_01_LoginTest">
        <test-method status="PASS" signature="setup(java.lang.String)[pri:0, instance:com.GirishContractsADFAutomation.TestCases.TC_01_LoginTest@3d24753a]" name="setup" is-config="true" duration-ms="4992" started-at="2019-03-19T09:43:08Z" finished-at="2019-03-19T09:43:13Z">
          <params>
            <param index="0">
              <value>
                <![CDATA[Firefox]]>
              </value>
            </param>
          </params>
          <reporter-output>
          </reporter-output>
        </test-method> <!-- setup -->
        <test-method status="PASS" signature="loginTest()[pri:0, instance:com.GirishContractsADFAutomation.TestCases.TC_01_LoginTest@3d24753a]" name="loginTest" duration-ms="5743" started-at="2019-03-19T09:43:13Z" finished-at="2019-03-19T09:43:19Z">
          <reporter-output>
          </reporter-output>
        </test-method> <!-- loginTest -->
        <test-method status="PASS" signature="tearDown()[pri:0, instance:com.GirishContractsADFAutomation.TestCases.TC_01_LoginTest@3d24753a]" name="tearDown" is-config="true" duration-ms="2153" started-at="2019-03-19T09:43:19Z" finished-at="2019-03-19T09:43:21Z">
          <reporter-output>
          </reporter-output>
        </test-method> <!-- tearDown -->
      </class> <!-- com.GirishContractsADFAutomation.TestCases.TC_01_LoginTest -->
    </test> <!-- SampleTest -->
  </suite> <!-- GirishContractsADFAutomation -->
</testng-results>
